<?xml version="1.0" encoding="UTF-8"?>
<!-- Generated by org.testng.reporters.JUnitXMLReporter -->
<testsuite hostname="Deepak-PC" name="AtlasUIAutomationTests" tests="62" failures="0" timestamp="12 Mar 2016 10:16:15 GMT" time="704.465" errors="0">
  <testcase name="validateLogoVisible" time="1.515" classname="org.apache.atlas.seleniumtests.HomePageTest"/>
  <testcase name="validateMenuLinks" time="0.087" classname="org.apache.atlas.seleniumtests.HomePageTest"/>
  <testcase name="validateHelpLink" time="21.113" classname="org.apache.atlas.seleniumtests.HomePageTest"/>
  <testcase name="validateAboutLink" time="23.412" classname="org.apache.atlas.seleniumtests.HomePageTest"/>
  <testcase name="Validate_NumberOfRows" time="1.871" classname="org.apache.atlas.seleniumtests.PaginationTest"/>
  <testcase name="Validate_NeumericboxAtBottom" time="0.018" classname="org.apache.atlas.seleniumtests.PaginationTest"/>
  <testcase name="Validate_FirstPagePagination" time="0.008" classname="org.apache.atlas.seleniumtests.PaginationTest"/>
  <testcase name="Validate_LastPagePagination" time="0.008" classname="org.apache.atlas.seleniumtests.PaginationTest"/>
  <testcase name="MiddlePageOfPaginationVarification" time="0.008" classname="org.apache.atlas.seleniumtests.PaginationTest"/>
  <testcase name="Validate_NumberOfRowsPerPage" time="0.009" classname="org.apache.atlas.seleniumtests.PaginationTest"/>
  <testcase name="invalidSearchResult" time="16.862" classname="org.apache.atlas.seleniumtests.SearchPageTest"/>
  <testcase name="testPageElementsFromSearchPage" time="3.243" classname="org.apache.atlas.seleniumtests.SearchPageTest"/>
  <testcase name="validatNoOfeSelectOptions" time="0.071" classname="org.apache.atlas.seleniumtests.SearchPageTest"/>
  <testcase name="validateFunctionalTestTag" time="28.477" classname="org.apache.atlas.seleniumtests.SearchPageTest"/>
  <testcase name="validateSearchFunctionalty" time="16.423" classname="org.apache.atlas.seleniumtests.SearchPageTest"/>
  <testcase name="validateSearchQueries" time="18.66" classname="org.apache.atlas.seleniumtests.SearchPageTest"/>
  <testcase name="validateSearchQueries" time="18.584" classname="org.apache.atlas.seleniumtests.SearchPageTest"/>
  <testcase name="validateSearchQueries" time="18.624" classname="org.apache.atlas.seleniumtests.SearchPageTest"/>
  <testcase name="validateSearchQueries" time="18.507" classname="org.apache.atlas.seleniumtests.SearchPageTest"/>
  <testcase name="validateSearchQueries" time="18.558" classname="org.apache.atlas.seleniumtests.SearchPageTest"/>
  <testcase name="validateSearchQueries" time="18.615" classname="org.apache.atlas.seleniumtests.SearchPageTest"/>
  <testcase name="validateSearchQueries" time="18.577" classname="org.apache.atlas.seleniumtests.SearchPageTest"/>
  <testcase name="validateSearchQueries" time="18.757" classname="org.apache.atlas.seleniumtests.SearchPageTest"/>
  <testcase name="validateSearchQueries" time="18.621" classname="org.apache.atlas.seleniumtests.SearchPageTest"/>
  <testcase name="validateSearchQueries" time="18.606" classname="org.apache.atlas.seleniumtests.SearchPageTest"/>
  <testcase name="validateSearchQueries" time="18.594" classname="org.apache.atlas.seleniumtests.SearchPageTest"/>
  <testcase name="validateSearchQueries" time="18.581" classname="org.apache.atlas.seleniumtests.SearchPageTest"/>
  <testcase name="validateSearchQueries" time="18.531" classname="org.apache.atlas.seleniumtests.SearchPageTest"/>
  <testcase name="validateSearchResultCount" time="16.654" classname="org.apache.atlas.seleniumtests.SearchPageTest"/>
  <testcase name="validateTableHeaders" time="0.077" classname="org.apache.atlas.seleniumtests.SearchPageTest"/>
  <testcase name="validateTagInSearchResult" time="19.891" classname="org.apache.atlas.seleniumtests.SearchPageTest"/>
  <testcase name="validateTagSearchFunctionality" time="0.238" classname="org.apache.atlas.seleniumtests.SearchPageTest"/>
  <testcase name="validateTagSearchInSearchPage" time="0.02" classname="org.apache.atlas.seleniumtests.SearchPageTest"/>
  <testcase name="validateTagSearchResult" time="0.074" classname="org.apache.atlas.seleniumtests.SearchPageTest"/>
  <testcase name="validateTagSectionInSearchPage" time="0.013" classname="org.apache.atlas.seleniumtests.SearchPageTest"/>
  <testcase name="validate_TextAndDSL_availability" time="0.016" classname="org.apache.atlas.seleniumtests.SearchPageTest"/>
  <testcase name="validateselectOptions" time="4.276" classname="org.apache.atlas.seleniumtests.SearchPageTest"/>
  <testcase name="testPageElementsFromTagsTab" time="3.278" classname="org.apache.atlas.seleniumtests.TagsPageTest"/>
  <testcase name="validateTagsPage" time="6.305" classname="org.apache.atlas.seleniumtests.TagsPageTest"/>
  <testcase name="createTagWithAttribute" time="6.805" classname="org.apache.atlas.seleniumtests.TagsPageTest"/>
  <testcase name="addFunctionalTestTag" time="6.456" classname="org.apache.atlas.seleniumtests.TagsPageTest"/>
  <testcase name="duplicateTagName" time="12.85" classname="org.apache.atlas.seleniumtests.TagsPageTest"/>
  <testcase name="validateFunctionalTestTag" time="6.34" classname="org.apache.atlas.seleniumtests.TagsPageTest"/>
  <testcase name="VisibilityOfXButtonOnAttribute" time="0.029" classname="org.apache.atlas.seleniumtests.TagsPageTest"/>
  <testcase name="ValidateOfXButtonOnADDAtrribute" time="0.095" classname="org.apache.atlas.seleniumtests.TagsPageTest"/>
  <testcase name="ValidateAutoRefreshForNewTagCreated" time="7.722" classname="org.apache.atlas.seleniumtests.TagsPageTest"/>
  <testcase name="WebElementCollection" time="34.844" classname="org.apache.atlas.seleniumtests.TagsPageTest"/>
  <testcase name="validateSpellChecker" time="2.001" classname="org.apache.atlas.seleniumtests.TagsPageTest"/>
  <testcase name="validateSpellChecker" time="4.008" classname="org.apache.atlas.seleniumtests.TagsPageTest"/>
  <testcase name="validateSpellChecker" time="6.01" classname="org.apache.atlas.seleniumtests.TagsPageTest"/>
  <testcase name="validateSpellChecker" time="8.007" classname="org.apache.atlas.seleniumtests.TagsPageTest"/>
  <testcase name="validateSpellChecker" time="10.008" classname="org.apache.atlas.seleniumtests.TagsPageTest"/>
  <testcase name="validateSpellChecker" time="12.009" classname="org.apache.atlas.seleniumtests.TagsPageTest"/>
  <testcase name="validateSpellChecker" time="14.014" classname="org.apache.atlas.seleniumtests.TagsPageTest"/>
  <testcase name="validateSpellChecker" time="16.013" classname="org.apache.atlas.seleniumtests.TagsPageTest"/>
  <testcase name="validateSpellChecker" time="18.007" classname="org.apache.atlas.seleniumtests.TagsPageTest"/>
  <testcase name="validateSpellChecker" time="20.026" classname="org.apache.atlas.seleniumtests.TagsPageTest"/>
  <testcase name="validateSpellChecker" time="22.01" classname="org.apache.atlas.seleniumtests.TagsPageTest"/>
  <testcase name="validateSpellChecker" time="26.028" classname="org.apache.atlas.seleniumtests.TagsPageTest"/>
  <testcase name="validateSpellChecker" time="24.026" classname="org.apache.atlas.seleniumtests.TagsPageTest"/>
  <testcase name="testPageElementsFromSearchPage" time="3.244" classname="org.apache.atlas.seleniumtests.LineagePageTest"/>
  <testcase name="validateLineagePageTabs" time="29.861" classname="org.apache.atlas.seleniumtests.LineagePageTest"/>
</testsuite> <!-- AtlasUIAutomationTests -->
