<?xml version="1.0" encoding="UTF-8"?>
<!-- Generated by org.testng.reporters.JUnitXMLReporter -->
<testsuite hostname="Deepak-PC" name="AtlasUIAutomationTests" tests="27" failures="1" timestamp="6 Mar 2016 15:22:41 GMT" time="175.213" errors="0">
  <testcase name="validateLogoVisible" time="1.449" classname="org.apache.atlas.seleniumtests.HomePageTest"/>
  <testcase name="validateMenuLinks" time="0.084" classname="org.apache.atlas.seleniumtests.HomePageTest"/>
  <testcase name="validateHelpLink" time="21.806" classname="org.apache.atlas.seleniumtests.HomePageTest"/>
  <testcase name="validateAboutLink" time="23.387" classname="org.apache.atlas.seleniumtests.HomePageTest"/>
  <testcase name="testPageElementsFromTagsTab" time="25.734" classname="org.apache.atlas.seleniumtests.TagsPageTest"/>
  <testcase name="validateTagsPage" time="6.277" classname="org.apache.atlas.seleniumtests.TagsPageTest"/>
  <testcase name="ValidateTagNameWithAddAttribute" time="0.053" classname="org.apache.atlas.seleniumtests.TagsPageTest">
    <failure type="java.lang.AssertionError" message="expected [false] but found [true]">
      <![CDATA[java.lang.AssertionError: expected [false] but found [true]
	at org.atlas.ui.pages.TagsPage.validateAttributeEnable(TagsPage.java:180)
	at org.apache.atlas.seleniumtests.TagsPageTest.ValidateTagNameWithAddAttribute(TagsPageTest.java:51)
	at java.util.concurrent.FutureTask.run(Unknown Source)
	at java.util.concurrent.ThreadPoolExecutor.runWorker(Unknown Source)
	at java.util.concurrent.ThreadPoolExecutor$Worker.run(Unknown Source)
	at java.lang.Thread.run(Unknown Source)
... Removed 21 stack frames]]>
    </failure>
  </testcase> <!-- ValidateTagNameWithAddAttribute -->
  <testcase name="duplicateTagName" time="18.291" classname="org.apache.atlas.seleniumtests.TagsPageTest"/>
  <testcase name="createTagWithAttribute" time="6.681" classname="org.apache.atlas.seleniumtests.TagsPageTest"/>
  <testcase name="addFunctionalTestTag" time="6.346" classname="org.apache.atlas.seleniumtests.TagsPageTest"/>
  <testcase name="validateFunctionalTestTag" time="6.65" classname="org.apache.atlas.seleniumtests.TagsPageTest"/>
  <testcase name="VisibilityOfXButtonOnAttribute" time="0.015" classname="org.apache.atlas.seleniumtests.TagsPageTest"/>
  <testcase name="ValidateOfXButtonOnADDAtrribute" time="0.079" classname="org.apache.atlas.seleniumtests.TagsPageTest"/>
  <testcase name="ValidateMessageDisappear" time="0.072" classname="org.apache.atlas.seleniumtests.TagsPageTest"/>
  <testcase name="ValidateAutoRefreshForNewTagCreated" time="2.001" classname="org.apache.atlas.seleniumtests.TagsPageTest"/>
  <testcase name="WebElementCollection" time="44.355" classname="org.apache.atlas.seleniumtests.TagsPageTest"/>
  <testcase name="validateSpellChecker" time="0.003" classname="org.apache.atlas.seleniumtests.TagsPageTest"/>
  <testcase name="validateSpellChecker" time="0.002" classname="org.apache.atlas.seleniumtests.TagsPageTest"/>
  <testcase name="validateSpellChecker" time="0.003" classname="org.apache.atlas.seleniumtests.TagsPageTest"/>
  <testcase name="validateSpellChecker" time="0.002" classname="org.apache.atlas.seleniumtests.TagsPageTest"/>
  <testcase name="validateSpellChecker" time="0.001" classname="org.apache.atlas.seleniumtests.TagsPageTest"/>
  <testcase name="validateSpellChecker" time="0.001" classname="org.apache.atlas.seleniumtests.TagsPageTest"/>
  <testcase name="validateSpellChecker" time="0.001" classname="org.apache.atlas.seleniumtests.TagsPageTest"/>
  <testcase name="validateSpellChecker" time="0.001" classname="org.apache.atlas.seleniumtests.TagsPageTest"/>
  <testcase name="validateSpellChecker" time="0.001" classname="org.apache.atlas.seleniumtests.TagsPageTest"/>
  <testcase name="validateSpellChecker" time="0.0" classname="org.apache.atlas.seleniumtests.TagsPageTest"/>
  <testcase name="validateSpellChecker" time="0.001" classname="org.apache.atlas.seleniumtests.TagsPageTest"/>
</testsuite> <!-- AtlasUIAutomationTests -->
