<?xml version="1.0" encoding="UTF-8"?>
<testng-results skipped="0" failed="0" total="6" passed="6">
  <reporter-output>
  </reporter-output>
  <suite name="Default suite" duration-ms="31272" started-at="2016-02-16T11:39:20Z" finished-at="2016-02-16T11:39:51Z">
    <groups>
    </groups>
    <test name="Default test" duration-ms="31272" started-at="2016-02-16T11:39:20Z" finished-at="2016-02-16T11:39:51Z">
      <class name="org.apache.atlas.seleniumtests.PaginationTest">
        <test-method status="PASS" signature="Validate_NumberOfRows()[pri:0, instance:org.apache.atlas.seleniumtests.PaginationTest@4254ecc2]" name="Validate_NumberOfRows" duration-ms="31245" started-at="2016-02-16T15:39:20Z" finished-at="2016-02-16T15:39:51Z">
          <reporter-output>
          </reporter-output>
        </test-method> <!-- Validate_NumberOfRows -->
        <test-method status="PASS" signature="Validate_NeumericboxAtBottom()[pri:1, instance:org.apache.atlas.seleniumtests.PaginationTest@4254ecc2]" name="Validate_NeumericboxAtBottom" duration-ms="1" started-at="2016-02-16T15:39:51Z" finished-at="2016-02-16T15:39:51Z">
          <reporter-output>
          </reporter-output>
        </test-method> <!-- Validate_NeumericboxAtBottom -->
        <test-method status="PASS" signature="Validate_FirstPagePagination()[pri:2, instance:org.apache.atlas.seleniumtests.PaginationTest@4254ecc2]" name="Validate_FirstPagePagination" duration-ms="1" started-at="2016-02-16T15:39:51Z" finished-at="2016-02-16T15:39:51Z">
          <reporter-output>
          </reporter-output>
        </test-method> <!-- Validate_FirstPagePagination -->
        <test-method status="PASS" signature="Validate_LastPagePagination()[pri:3, instance:org.apache.atlas.seleniumtests.PaginationTest@4254ecc2]" name="Validate_LastPagePagination" duration-ms="1" started-at="2016-02-16T15:39:51Z" finished-at="2016-02-16T15:39:51Z">
          <reporter-output>
          </reporter-output>
        </test-method> <!-- Validate_LastPagePagination -->
        <test-method status="PASS" signature="MiddlePageOfPaginationVarification()[pri:4, instance:org.apache.atlas.seleniumtests.PaginationTest@4254ecc2]" name="MiddlePageOfPaginationVarification" duration-ms="2" started-at="2016-02-16T15:39:51Z" finished-at="2016-02-16T15:39:51Z">
          <reporter-output>
          </reporter-output>
        </test-method> <!-- MiddlePageOfPaginationVarification -->
        <test-method status="PASS" signature="Validate_NumberOfRowsPerPage()[pri:5, instance:org.apache.atlas.seleniumtests.PaginationTest@4254ecc2]" name="Validate_NumberOfRowsPerPage" duration-ms="1" started-at="2016-02-16T15:39:51Z" finished-at="2016-02-16T15:39:51Z">
          <reporter-output>
          </reporter-output>
        </test-method> <!-- Validate_NumberOfRowsPerPage -->
      </class> <!-- org.apache.atlas.seleniumtests.PaginationTest -->
    </test> <!-- Default test -->
  </suite> <!-- Default suite -->
</testng-results>
