<?xml version="1.0" encoding="UTF-8"?>
<!-- Generated by org.testng.reporters.JUnitXMLReporter -->
<testsuite hostname="Deepak-PC" name="Default test" tests="6" failures="0" timestamp="16 Feb 2016 11:39:51 GMT" time="31.272" errors="0">
  <testcase name="Validate_NumberOfRows" time="31.245" classname="org.apache.atlas.seleniumtests.PaginationTest"/>
  <testcase name="Validate_NeumericboxAtBottom" time="0.001" classname="org.apache.atlas.seleniumtests.PaginationTest"/>
  <testcase name="Validate_FirstPagePagination" time="0.001" classname="org.apache.atlas.seleniumtests.PaginationTest"/>
  <testcase name="Validate_LastPagePagination" time="0.001" classname="org.apache.atlas.seleniumtests.PaginationTest"/>
  <testcase name="MiddlePageOfPaginationVarification" time="0.002" classname="org.apache.atlas.seleniumtests.PaginationTest"/>
  <testcase name="Validate_NumberOfRowsPerPage" time="0.001" classname="org.apache.atlas.seleniumtests.PaginationTest"/>
</testsuite> <!-- Default test -->
